#
# There is insufficient memory for the Java Runtime Environment to continue.
# Native memory allocation (mmap) failed to map 516096 bytes. Error detail: G1 virtual space
# Possible reasons:
#   The system is out of physical RAM or swap space
#   This process is running with CompressedOops enabled, and the Java Heap may be blocking the growth of the native heap
# Possible solutions:
#   Reduce memory load on the system
#   Increase physical memory or swap space
#   Check if swap backing store is full
#   Decrease Java heap size (-Xmx/-Xms)
#   Decrease number of Java threads
#   Decrease Java thread stack sizes (-Xss)
#   Set larger code cache with -XX:ReservedCodeCacheSize=
#   JVM is running with Zero Based Compressed Oops mode in which the Java heap is
#     placed in the first 32GB address space. The Java Heap base address is the
#     maximum limit for the native heap growth. Please use -XX:HeapBaseMinAddress
#     to set the Java Heap base and to place the Java Heap above 32GB virtual address.
# This output file may be truncated or incomplete.
#
#  Out of Memory Error (os_windows.cpp:3631), pid=29968, tid=21284
#
# JRE version:  (22.0.2+9) (build )
# Java VM: OpenJDK 64-Bit Server VM (22.0.2+9, mixed mode, sharing, tiered, compressed oops, compressed class ptrs, g1 gc, windows-amd64)
# No core dump will be written. Minidumps are not enabled by default on client versions of Windows
#

---------------  S U M M A R Y ------------

Command Line: -Dfile.encoding=UTF-8 -Dstdout.encoding=UTF-8 -Dstderr.encoding=UTF-8 -XX:+ShowCodeDetailsInExceptionMessages game.Main

Host: 11th Gen Intel(R) Core(TM) i7-1165G7 @ 2.80GHz, 8 cores, 15G,  Windows 10 , 64 bit Build 19041 (10.0.19041.5072)
Time: Sat Jan 11 23:15:46 2025 W. Europe Standard Time elapsed time: 0.014504 seconds (0d 0h 0m 0s)

---------------  T H R E A D  ---------------

Current thread (0x000001ffc954e4f0):  JavaThread "Unknown thread" [_thread_in_vm, id=21284, stack(0x000000672dc00000,0x000000672dd00000) (1024K)]

Stack: [0x000000672dc00000,0x000000672dd00000]
Native frames: (J=compiled Java code, j=interpreted, Vv=VM code, C=native code)
V  [jvm.dll+0x6ea6a9]  (no source info available)
V  [jvm.dll+0x8cdbf3]  (no source info available)
V  [jvm.dll+0x8d001e]  (no source info available)
V  [jvm.dll+0x8d06f3]  (no source info available)
V  [jvm.dll+0x286dc6]  (no source info available)
V  [jvm.dll+0x6e6d35]  (no source info available)
V  [jvm.dll+0x6db9ba]  (no source info available)
V  [jvm.dll+0x36037a]  (no source info available)
V  [jvm.dll+0x368846]  (no source info available)
V  [jvm.dll+0x3ba7e4]  (no source info available)
V  [jvm.dll+0x3baa68]  (no source info available)
V  [jvm.dll+0x333d1c]  (no source info available)
V  [jvm.dll+0x334988]  (no source info available)
V  [jvm.dll+0x895adc]  (no source info available)
V  [jvm.dll+0x3c78a1]  (no source info available)
V  [jvm.dll+0x87e75c]  (no source info available)
V  [jvm.dll+0x4612ae]  (no source info available)
V  [jvm.dll+0x4630c1]  (no source info available)
C  [jli.dll+0x5278]  (no source info available)
C  [ucrtbase.dll+0x21bb2]  (no source info available)
C  [KERNEL32.DLL+0x17374]  (no source info available)
C  [ntdll.dll+0x4cc91]  (no source info available)


---------------  P R O C E S S  ---------------

Threads class SMR info:
_java_thread_list=0x00007ffc332ad688, length=0, elements={
}

Java Threads: ( => current thread )
Total: 0

Other Threads:
  0x000001ffc9767480 WorkerThread "GC Thread#0"                     [id=13304, stack(0x000000672dd00000,0x000000672de00000) (1024K)]
  0x000001ffc9778f20 ConcurrentGCThread "G1 Main Marker"            [id=21520, stack(0x000000672de00000,0x000000672df00000) (1024K)]
  0x000001ffc9779940 WorkerThread "G1 Conc#0"                       [id=21040, stack(0x000000672df00000,0x000000672e000000) (1024K)]

[error occurred during error reporting (printing all threads), id 0xc0000005, EXCEPTION_ACCESS_VIOLATION (0xc0000005) at pc=0x00007ffc32996cd7]
VM state: not at safepoint (not fully initialized)

VM Mutex/Monitor currently owned by a thread:  ([mutex/lock_event])
[0x00007ffc33331080] Heap_lock - owner thread: 0x000001ffc954e4f0

Heap address: 0x0000000704600000, size: 4026 MB, Compressed Oops mode: Zero based, Oop shift amount: 3

CDS archive(s) mapped at: [0x0000000000000000-0x0000000000000000-0x0000000000000000), size 0, SharedBaseAddress: 0x0000000800000000, ArchiveRelocationMode: 1.
Narrow klass base: 0x0000000000000000, Narrow klass shift: 0, Narrow klass range: 0x0

GC Precious Log:
 CardTable entry size: 512
 Card Set container configuration: InlinePtr #cards 4 size 8 Array Of Cards #cards 16 size 48 Howl #buckets 8 coarsen threshold 3686 Howl Bitmap #cards 512 size 80 coarsen threshold 460 Card regions per heap region 1 cards per card region 4096

Heap:
 garbage-first heap   total reserved 4122624K, committed 0K, used 0K [0x0000000704600000, 0x0000000800000000)
  region size 2048K, 0 young (0K), 0 survivors (0K)

[error occurred during error reporting (printing heap information), id 0xc0000005, EXCEPTION_ACCESS_VIOLATION (0xc0000005) at pc=0x00007ffc32d97269]
GC Heap History (0 events):
No events

Dll operation events (1 events):
Event: 0.009 Loaded shared library C:\Users\Trang\.p2\pool\plugins\org.eclipse.justj.openjdk.hotspot.jre.full.win32.x86_64_22.0.2.v20240802-1626\jre\bin\java.dll

Deoptimization events (0 events):
No events

Classes loaded (0 events):
No events

Classes unloaded (0 events):
No events

Classes redefined (0 events):
No events

Internal exceptions (0 events):
No events

ZGC Phase Switch (0 events):
No events

VM Operations (0 events):
No events

Memory protections (0 events):
No events

Nmethod flushes (0 events):
No events

Events (0 events):
No events


Dynamic libraries:
0x00007ff6beb60000 - 0x00007ff6beb6e000 	C:\Users\Trang\.p2\pool\plugins\org.eclipse.justj.openjdk.hotspot.jre.full.win32.x86_64_22.0.2.v20240802-1626\jre\bin\javaw.exe
0x00007ffc94eb0000 - 0x00007ffc950a8000 	C:\WINDOWS\SYSTEM32\ntdll.dll
0x00007ffc935f0000 - 0x00007ffc936b2000 	C:\WINDOWS\System32\KERNEL32.DLL
0x00007ffc929d0000 - 0x00007ffc92cce000 	C:\WINDOWS\System32\KERNELBASE.dll
0x00007ffc927e0000 - 0x00007ffc928e0000 	C:\WINDOWS\System32\ucrtbase.dll
0x00007ffc893e0000 - 0x00007ffc893fb000 	C:\Users\Trang\.p2\pool\plugins\org.eclipse.justj.openjdk.hotspot.jre.full.win32.x86_64_22.0.2.v20240802-1626\jre\bin\VCRUNTIME140.dll
0x00007ffc893c0000 - 0x00007ffc893d7000 	C:\Users\Trang\.p2\pool\plugins\org.eclipse.justj.openjdk.hotspot.jre.full.win32.x86_64_22.0.2.v20240802-1626\jre\bin\jli.dll
0x00007ffc93920000 - 0x00007ffc93abd000 	C:\WINDOWS\System32\USER32.dll
0x00007ffc6d190000 - 0x00007ffc6d42a000 	C:\WINDOWS\WinSxS\amd64_microsoft.windows.common-controls_6595b64144ccf1df_6.0.19041.4355_none_60b8b9eb71f62e16\COMCTL32.dll
0x00007ffc92cd0000 - 0x00007ffc92cf2000 	C:\WINDOWS\System32\win32u.dll
0x00007ffc944d0000 - 0x00007ffc9456e000 	C:\WINDOWS\System32\msvcrt.dll
0x00007ffc93150000 - 0x00007ffc9317b000 	C:\WINDOWS\System32\GDI32.dll
0x00007ffc925e0000 - 0x00007ffc926f7000 	C:\WINDOWS\System32\gdi32full.dll
0x00007ffc92930000 - 0x00007ffc929cd000 	C:\WINDOWS\System32\msvcp_win.dll
0x00007ffc93ac0000 - 0x00007ffc93aef000 	C:\WINDOWS\System32\IMM32.DLL
0x00007ffc8c730000 - 0x00007ffc8c73c000 	C:\Users\Trang\.p2\pool\plugins\org.eclipse.justj.openjdk.hotspot.jre.full.win32.x86_64_22.0.2.v20240802-1626\jre\bin\vcruntime140_1.dll
0x00007ffc89090000 - 0x00007ffc8911e000 	C:\Users\Trang\.p2\pool\plugins\org.eclipse.justj.openjdk.hotspot.jre.full.win32.x86_64_22.0.2.v20240802-1626\jre\bin\msvcp140.dll
0x00007ffc32650000 - 0x00007ffc33413000 	C:\Users\Trang\.p2\pool\plugins\org.eclipse.justj.openjdk.hotspot.jre.full.win32.x86_64_22.0.2.v20240802-1626\jre\bin\server\jvm.dll
0x00007ffc94640000 - 0x00007ffc946f1000 	C:\WINDOWS\System32\ADVAPI32.dll
0x00007ffc93190000 - 0x00007ffc9322f000 	C:\WINDOWS\System32\sechost.dll
0x00007ffc93770000 - 0x00007ffc93893000 	C:\WINDOWS\System32\RPCRT4.dll
0x00007ffc92700000 - 0x00007ffc92727000 	C:\WINDOWS\System32\bcrypt.dll
0x00007ffc934c0000 - 0x00007ffc9352b000 	C:\WINDOWS\System32\WS2_32.dll
0x00007ffc91a90000 - 0x00007ffc91adb000 	C:\WINDOWS\SYSTEM32\POWRPROF.dll
0x00007ffc8c690000 - 0x00007ffc8c69a000 	C:\WINDOWS\SYSTEM32\VERSION.dll
0x00007ffc700a0000 - 0x00007ffc700c7000 	C:\WINDOWS\SYSTEM32\WINMM.dll
0x00007ffc91950000 - 0x00007ffc91962000 	C:\WINDOWS\SYSTEM32\UMPDC.dll
0x00007ffc905b0000 - 0x00007ffc905c2000 	C:\WINDOWS\SYSTEM32\kernel.appcore.dll
0x00007ffc892b0000 - 0x00007ffc892ba000 	C:\Users\Trang\.p2\pool\plugins\org.eclipse.justj.openjdk.hotspot.jre.full.win32.x86_64_22.0.2.v20240802-1626\jre\bin\jimage.dll
0x00007ffc8fcb0000 - 0x00007ffc8fe94000 	C:\WINDOWS\SYSTEM32\DBGHELP.DLL
0x00007ffc86fd0000 - 0x00007ffc87004000 	C:\WINDOWS\SYSTEM32\dbgcore.DLL
0x00007ffc92550000 - 0x00007ffc925d2000 	C:\WINDOWS\System32\bcryptPrimitives.dll
0x00007ffc89290000 - 0x00007ffc892ae000 	C:\Users\Trang\.p2\pool\plugins\org.eclipse.justj.openjdk.hotspot.jre.full.win32.x86_64_22.0.2.v20240802-1626\jre\bin\java.dll
0x00007ffc94700000 - 0x00007ffc94e6d000 	C:\WINDOWS\System32\SHELL32.dll
0x00007ffc932f0000 - 0x00007ffc9341b000 	C:\WINDOWS\System32\ole32.dll
0x00007ffc93af0000 - 0x00007ffc93e43000 	C:\WINDOWS\System32\combase.dll

dbghelp: loaded successfully - version: 4.0.5 - missing functions: none
symbol engine: initialized successfully - sym options: 0x614 - pdb path: .;C:\Users\Trang\.p2\pool\plugins\org.eclipse.justj.openjdk.hotspot.jre.full.win32.x86_64_22.0.2.v20240802-1626\jre\bin;C:\WINDOWS\SYSTEM32;C:\WINDOWS\WinSxS\amd64_microsoft.windows.common-controls_6595b64144ccf1df_6.0.19041.4355_none_60b8b9eb71f62e16;C:\Users\Trang\.p2\pool\plugins\org.eclipse.justj.openjdk.hotspot.jre.full.win32.x86_64_22.0.2.v20240802-1626\jre\bin\server

VM Arguments:
jvm_args: -Dfile.encoding=UTF-8 -Dstdout.encoding=UTF-8 -Dstderr.encoding=UTF-8 -XX:+ShowCodeDetailsInExceptionMessages 
java_command: game.Main
java_class_path (initial): C:\Users\Trang\git\repository\game\bin
Launcher Type: SUN_STANDARD

[Global flags]
     intx CICompilerCount                          = 4                                         {product} {ergonomic}
     uint ConcGCThreads                            = 2                                         {product} {ergonomic}
     uint G1ConcRefinementThreads                  = 8                                         {product} {ergonomic}
   size_t G1HeapRegionSize                         = 2097152                                   {product} {ergonomic}
   size_t InitialHeapSize                          = 264241152                                 {product} {ergonomic}
   size_t MarkStackSize                            = 4194304                                   {product} {ergonomic}
   size_t MaxHeapSize                              = 4221566976                                {product} {ergonomic}
   size_t MinHeapDeltaBytes                        = 2097152                                   {product} {ergonomic}
   size_t MinHeapSize                              = 8388608                                   {product} {ergonomic}
    uintx NonNMethodCodeHeapSize                   = 5839372                                {pd product} {ergonomic}
    uintx NonProfiledCodeHeapSize                  = 122909434                              {pd product} {ergonomic}
    uintx ProfiledCodeHeapSize                     = 122909434                              {pd product} {ergonomic}
    uintx ReservedCodeCacheSize                    = 251658240                              {pd product} {ergonomic}
     bool SegmentedCodeCache                       = true                                      {product} {ergonomic}
     bool ShowCodeDetailsInExceptionMessages       = true                                   {manageable} {command line}
   size_t SoftMaxHeapSize                          = 4221566976                             {manageable} {ergonomic}
     bool UseCompressedOops                        = true                           {product lp64_product} {ergonomic}
     bool UseG1GC                                  = true                                      {product} {ergonomic}
     bool UseLargePagesIndividualAllocation        = false                                  {pd product} {ergonomic}

Logging:
Log output configuration:
 #0: stdout all=warning uptime,level,tags foldmultilines=false
 #1: stderr all=off uptime,level,tags foldmultilines=false

Environment Variables:
PATH=C:/Users/Trang/.p2/pool/plugins/org.eclipse.justj.openjdk.hotspot.jre.full.win32.x86_64_22.0.2.v20240802-1626/jre/bin/server;C:/Users/Trang/.p2/pool/plugins/org.eclipse.justj.openjdk.hotspot.jre.full.win32.x86_64_22.0.2.v20240802-1626/jre/bin;C:\Program Files (x86)\Common Files\Oracle\Java\java8path;C:\Program Files (x86)\Common Files\Oracle\Java\javapath;C:\WINDOWS\system32;C:\WINDOWS;C:\WINDOWS\System32\Wbem;C:\WINDOWS\System32\WindowsPowerShell\v1.0\;C:\WINDOWS\System32\OpenSSH\;C:\Program Files\Cloudflare\Cloudflare WARP\;C:\Program Files\dotnet\;C:\Program Files (x86)\NVIDIA Corporation\PhysX\Common;C:\Program Files\Java\jdk-1.8\bin;C:\Program Files\Git\cmd;C:\Users\Trang\AppData\Local\Microsoft\WindowsApps;;C:\Users\Trang\Desktop;
USERNAME=Trang
OS=Windows_NT
PROCESSOR_IDENTIFIER=Intel64 Family 6 Model 140 Stepping 1, GenuineIntel
TMP=C:\Users\Trang\AppData\Local\Temp
TEMP=C:\Users\Trang\AppData\Local\Temp




Periodic native trim disabled

---------------  S Y S T E M  ---------------

OS:
 Windows 10 , 64 bit Build 19041 (10.0.19041.5072)
OS uptime: 13 days 13:01 hours

CPU: total 8 (initial active 8) (4 cores per cpu, 2 threads per core) family 6 model 140 stepping 1 microcode 0xa4, cx8, cmov, fxsr, ht, mmx, 3dnowpref, sse, sse2, sse3, ssse3, sse4.1, sse4.2, popcnt, lzcnt, tsc, tscinvbit, avx, avx2, aes, erms, clmul, bmi1, bmi2, adx, avx512f, avx512dq, avx512cd, avx512bw, avx512vl, sha, fma, vzeroupper, avx512_vpopcntdq, avx512_vpclmulqdq, avx512_vaes, avx512_vnni, clflush, clflushopt, clwb, avx512_vbmi2, avx512_vbmi, rdtscp, rdpid, fsrm, gfni, avx512_bitalg, f16c, pku, cet_ibt, cet_ss, avx512_ifma
Processor Information for processor 0
  Max Mhz: 2803, Current Mhz: 1201, Mhz Limit: 1177
Processor Information for processor 1
  Max Mhz: 2803, Current Mhz: 1201, Mhz Limit: 1177
Processor Information for processor 2
  Max Mhz: 2803, Current Mhz: 1001, Mhz Limit: 1177
Processor Information for processor 3
  Max Mhz: 2803, Current Mhz: 1201, Mhz Limit: 1177
Processor Information for processor 4
  Max Mhz: 2803, Current Mhz: 1201, Mhz Limit: 1177
Processor Information for processor 5
  Max Mhz: 2803, Current Mhz: 1001, Mhz Limit: 1177
Processor Information for processor 6
  Max Mhz: 2803, Current Mhz: 1001, Mhz Limit: 1177
Processor Information for processor 7
  Max Mhz: 2803, Current Mhz: 1201, Mhz Limit: 1177

Memory: 4k page, system-wide physical 16103M (5021M free)
TotalPageFile size 39571M (AvailPageFile size 5M)
current process WorkingSet (physical memory assigned to process): 11M, peak: 11M
current process commit charge ("private bytes"): 317M, peak: 317M

vm_info: OpenJDK 64-Bit Server VM (22.0.2+9) for windows-amd64 JRE (22.0.2+9), built on 2024-07-16T00:00:00Z by "admin" with MS VC++ 17.7 (VS2022)

END.
